Removed Pin From Net: NetName=NetHE0_1 Pin=INPUT-1
Removed Pin From Net: NetName=NetHE0_2 Pin=INPUT-2
Removed Pin From Net: NetName=NetCON1_1 Pin=INPUT-3
Removed Pin From Net: NetName=NetCON1_2 Pin=INPUT-4
Removed Pin From Net: NetName=NetCON1_3 Pin=INPUT-5
Removed Pin From Net: NetName=NetCON2_1 Pin=INPUT-6
Removed Pin From Net: NetName=NetCON2_2 Pin=INPUT-7
Removed Pin From Net: NetName=NetCON2_3 Pin=INPUT-8
Removed Pin From Net: NetName=NetCON3_1 Pin=INPUT-9
Removed Pin From Net: NetName=NetCON3_2 Pin=INPUT-10
Removed Pin From Net: NetName=NetE0_1 Pin=INPUT-11
Removed Pin From Net: NetName=NetE0_2 Pin=INPUT-12
Removed Pin From Net: NetName=NetE0_3 Pin=INPUT-13
Removed Pin From Net: NetName=NetE0_4 Pin=INPUT-14
Removed Pin From Net: NetName=NetE1_4 Pin=INPUT-15
Removed Pin From Net: NetName=NetE1_3 Pin=INPUT-16
Removed Pin From Net: NetName=NetE1_2 Pin=INPUT-17
Removed Pin From Net: NetName=NetE1_1 Pin=INPUT-18
Removed Pin From Net: NetName=NetHE1_2 Pin=INPUT-19
Removed Pin From Net: NetName=NetHE1_1 Pin=INPUT-20
Added Component: Designator=P?(HDR2X12)
Add component (AddParameter): Name = "LatestRevisionDate"; Value = "17-Jul-2002"; VariantName = "[No Variations]"
Add component (AddParameter): Name = "LatestRevisionNote"; Value = "Re-released for DXP Platform."; VariantName = "[No Variations]"
Add component (AddParameter): Name = "Publisher"; Value = "Altium Limited"; VariantName = "[No Variations]"
Added Pin To Net: NetName=NetHE0_1 Pin=P?-1
Added Pin To Net: NetName=NetHE0_2 Pin=P?-2
Added Pin To Net: NetName=NetCON1_1 Pin=P?-3
Added Pin To Net: NetName=NetCON1_2 Pin=P?-4
Added Pin To Net: NetName=NetCON1_3 Pin=P?-5
Added Pin To Net: NetName=NetCON2_1 Pin=P?-6
Added Pin To Net: NetName=NetCON2_2 Pin=P?-7
Added Pin To Net: NetName=NetCON2_3 Pin=P?-8
Added Pin To Net: NetName=NetCON3_1 Pin=P?-9
Added Pin To Net: NetName=NetCON3_2 Pin=P?-10
Added Pin To Net: NetName=NetE0_1 Pin=P?-11
Added Pin To Net: NetName=NetE0_2 Pin=P?-12
Added Pin To Net: NetName=NetE0_3 Pin=P?-13
Added Pin To Net: NetName=NetE0_4 Pin=P?-14
Added Pin To Net: NetName=NetE1_4 Pin=P?-15
Added Pin To Net: NetName=NetE1_3 Pin=P?-16
Added Pin To Net: NetName=NetE1_2 Pin=P?-17
Added Pin To Net: NetName=NetE1_1 Pin=P?-18
Added Pin To Net: NetName=NetHE1_2 Pin=P?-23
Added Pin To Net: NetName=NetHE1_1 Pin=P?-24
