Change Component Designator: OldDesignator=CON? NewDesignator=CON1
Change Component Designator: OldDesignator=CON? NewDesignator=CON2
Change Component Designator: OldDesignator=CON? NewDesignator=CON3
Change Component Designator: OldDesignator=CON? NewDesignator=CON4
Change Net Name : Old Net Name=NetCON?_1 New Net Name=NetCON3_1
Change Net Name : Old Net Name=NetCON?_2 New Net Name=NetCON4_2
Change Net Name : Old Net Name=NetCON?_3 New Net Name=NetCON4_3
Added Pin To Net: NetName=NetCON1_1 Pin=CON1-1
Added Pin To Net: NetName=NetCON1_1 Pin=INPUT-3
Added Net: Name=NetCON1_1
Added Pin To Net: NetName=NetCON1_2 Pin=CON1-2
Added Pin To Net: NetName=NetCON1_2 Pin=INPUT-4
Added Net: Name=NetCON1_2
Added Pin To Net: NetName=NetCON1_3 Pin=CON1-3
Added Pin To Net: NetName=NetCON1_3 Pin=INPUT-5
Added Net: Name=NetCON1_3
Added Pin To Net: NetName=NetCON2_1 Pin=CON2-1
Added Pin To Net: NetName=NetCON2_1 Pin=INPUT-6
Added Net: Name=NetCON2_1
Added Pin To Net: NetName=NetCON2_2 Pin=CON2-2
Added Pin To Net: NetName=NetCON2_2 Pin=INPUT-7
Added Net: Name=NetCON2_2
Added Pin To Net: NetName=NetCON2_3 Pin=CON2-3
Added Pin To Net: NetName=NetCON2_3 Pin=INPUT-8
Added Net: Name=NetCON2_3
Added Pin To Net: NetName=NetCON3_2 Pin=CON3-2
Added Pin To Net: NetName=NetCON3_2 Pin=INPUT-10
Added Net: Name=NetCON3_2
Added Pin To Net: NetName=NetCON3_3 Pin=CON3-3
Added Pin To Net: NetName=NetCON3_3 Pin=INPUT-11
Added Net: Name=NetCON3_3
Added Pin To Net: NetName=NetCON4_1 Pin=CON4-1
Added Pin To Net: NetName=NetCON4_1 Pin=INPUT-12
Added Net: Name=NetCON4_1
